This is pdfeTeX, Version 3.141592-1.21a-2.2 (Web2C 7.5.4) (format=latex 2006.11.27)  17 MAY 2007 17:07
entering extended mode
**dm_manual.tex
(./dm_manual.tex
LaTeX2e <2003/12/01>
Babel <v3.8d> and hyphenation patterns for american, french, german, ngerman, b
ahasa, basque, bulgarian, catalan, croatian, czech, danish, dutch, esperanto, e
stonian, finnish, greek, icelandic, irish, italian, latin, magyar, norsk, polis
h, portuges, romanian, russian, serbian, slovak, slovene, spanish, swedish, tur
kish, ukrainian, nohyphenation, loaded.
(/usr/share/texmf/tex/latex/base/article.cls
Document Class: article 2004/02/16 v1.4f Standard LaTeX document class
(/usr/share/texmf/tex/latex/base/size10.clo
File: size10.clo 2004/02/16 v1.4f Standard LaTeX file (size option)
)
\c@part=\count79
\c@section=\count80
\c@subsection=\count81
\c@subsubsection=\count82
\c@paragraph=\count83
\c@subparagraph=\count84
\c@figure=\count85
\c@table=\count86
\abovecaptionskip=\skip41
\belowcaptionskip=\skip42
\bibindent=\dimen102
) (./dm_manual.aux)
\openout1 = `dm_manual.aux'.

LaTeX Font Info:    Checking defaults for OML/cmm/m/it on input line 9.
LaTeX Font Info:    ... okay on input line 9.
LaTeX Font Info:    Checking defaults for T1/cmr/m/n on input line 9.
LaTeX Font Info:    ... okay on input line 9.
LaTeX Font Info:    Checking defaults for OT1/cmr/m/n on input line 9.
LaTeX Font Info:    ... okay on input line 9.
LaTeX Font Info:    Checking defaults for OMS/cmsy/m/n on input line 9.
LaTeX Font Info:    ... okay on input line 9.
LaTeX Font Info:    Checking defaults for OMX/cmex/m/n on input line 9.
LaTeX Font Info:    ... okay on input line 9.
LaTeX Font Info:    Checking defaults for U/cmr/m/n on input line 9.
LaTeX Font Info:    ... okay on input line 9.
LaTeX Font Info:    External font `cmex10' loaded for size
(Font)              <12> on input line 11.
LaTeX Font Info:    External font `cmex10' loaded for size
(Font)              <8> on input line 11.
LaTeX Font Info:    External font `cmex10' loaded for size
(Font)              <6> on input line 11.

LaTeX Warning: No \author given.

(./dm_intro.tex) (./dm_units.tex
LaTeX Font Info:    External font `cmex10' loaded for size
(Font)              <7> on input line 25.
LaTeX Font Info:    External font `cmex10' loaded for size
(Font)              <5> on input line 25.
[1

]
Underfull \hbox (badness 10000) in paragraph at lines 41--44

 []


Underfull \hbox (badness 10000) in paragraph at lines 45--59

 []


Underfull \hbox (badness 10000) in paragraph at lines 60--61

 []

) (./dm_api.tex [2] [3] [4] [5] [6] [7]) (./dm_param.tex
Underfull \hbox (badness 10000) in paragraph at lines 17--21

 []

(./dm_disk_param.tex)
Overfull \hbox (12.0pt too wide) in paragraph at lines 1--23
[] 
 []


Overfull \hbox (12.0pt too wide) in paragraph at lines 1--23
[] 
 []


Overfull \hbox (12.0pt too wide) in paragraph at lines 1--23
[] 
 []


Overfull \hbox (12.0pt too wide) in paragraph at lines 1--23
[] 
 []


Overfull \hbox (12.0pt too wide) in paragraph at lines 1--23
[] 
 []


Underfull \hbox (badness 10000) in paragraph at lines 1--23

 []

[8]
Underfull \hbox (badness 10000) in paragraph at lines 27--29

 []

(../modules/dm_layout_g1_param.tex)
Overfull \hbox (12.0pt too wide) in paragraph at lines 1--31
[] 
 []


Overfull \hbox (12.0pt too wide) in paragraph at lines 1--31
[] 
 []


Overfull \hbox (12.0pt too wide) in paragraph at lines 1--31
[] 
 []


Overfull \hbox (12.0pt too wide) in paragraph at lines 1--31
[] 
 []


Overfull \hbox (12.0pt too wide) in paragraph at lines 1--31
[] 
 []


Underfull \hbox (badness 10000) in paragraph at lines 1--31

 []

[9]
Underfull \hbox (badness 10000) in paragraph at lines 32--34

 []

(../modules/dm_layout_g1_zone_param.tex)
Overfull \hbox (12.0pt too wide) in paragraph at lines 1--36
[] 
 []


Overfull \hbox (12.0pt too wide) in paragraph at lines 1--36
[] 
 []


Overfull \hbox (12.0pt too wide) in paragraph at lines 1--36
[] 
 []


Overfull \hbox (12.0pt too wide) in paragraph at lines 1--36
[] 
 []


Overfull \hbox (12.0pt too wide) in paragraph at lines 1--36
[] 
 []


Overfull \hbox (12.0pt too wide) in paragraph at lines 1--36
[] 
 []


Overfull \hbox (12.0pt too wide) in paragraph at lines 1--36
[] 
 []


Overfull \hbox (12.0pt too wide) in paragraph at lines 1--36
[] 
 []


Overfull \hbox (12.0pt too wide) in paragraph at lines 1--36
[] 
 []


Overfull \hbox (12.0pt too wide) in paragraph at lines 1--36
[] 
 []


Overfull \hbox (12.0pt too wide) in paragraph at lines 1--36
[] 
 []


Underfull \hbox (badness 10000) in paragraph at lines 1--36

 []

[10]
Underfull \hbox (badness 10000) in paragraph at lines 40--42

 []

(../modules/dm_mech_g1_param.tex
Underfull \hbox (badness 1009) in paragraph at lines 15--15
\OT1/cmr/m/n/10 in-di-cates a fixed per-request ac-cess time (i.e., ac-tual me-
chan-i-cal ac-tiv-ity is not mod-eled),
 []

)
Overfull \hbox (12.0pt too wide) in paragraph at lines 1--44
[] 
 []


Overfull \hbox (12.0pt too wide) in paragraph at lines 1--44
[] 
 []


Overfull \hbox (12.0pt too wide) in paragraph at lines 1--44
[] 
 []


Overfull \hbox (12.0pt too wide) in paragraph at lines 1--44
[] 
 []


Overfull \hbox (12.0pt too wide) in paragraph at lines 1--44
[] 
 []


Overfull \hbox (12.0pt too wide) in paragraph at lines 1--44
[] 
 []


Overfull \hbox (12.0pt too wide) in paragraph at lines 1--44
[] 
 []


Overfull \hbox (12.0pt too wide) in paragraph at lines 1--44
[] 
 []


Overfull \hbox (12.0pt too wide) in paragraph at lines 1--44
[] 
 []


Overfull \hbox (12.0pt too wide) in paragraph at lines 1--44
[] 
 []


Overfull \hbox (12.0pt too wide) in paragraph at lines 1--44
[] 
 []


Overfull \hbox (12.0pt too wide) in paragraph at lines 1--44
[] 
 []


Overfull \hbox (12.0pt too wide) in paragraph at lines 1--44
[] 
 []


Overfull \hbox (12.0pt too wide) in paragraph at lines 1--44
[] 
 []


Underfull \hbox (badness 10000) in paragraph at lines 1--44

 []

[11] [12]
Underfull \hbox (badness 10000) in paragraph at lines 51--53

 []

(../modules/dm_layout_g2_param.tex)
Underfull \hbox (badness 10000) in paragraph at lines 1--55

 []


Underfull \hbox (badness 10000) in paragraph at lines 56--58

 []

(../modules/dm_layout_g2_zone_param.tex)
Overfull \hbox (12.0pt too wide) in paragraph at lines 1--60
[] 
 []


Overfull \hbox (12.0pt too wide) in paragraph at lines 1--60
[] 
 []


Overfull \hbox (12.0pt too wide) in paragraph at lines 1--60
[] 
 []


Overfull \hbox (12.0pt too wide) in paragraph at lines 1--60
[] 
 []


Overfull \hbox (12.0pt too wide) in paragraph at lines 1--60
[] 
 []


Overfull \hbox (12.0pt too wide) in paragraph at lines 1--60
[] 
 []


Overfull \hbox (12.0pt too wide) in paragraph at lines 1--60
[] 
 []


Overfull \hbox (12.0pt too wide) in paragraph at lines 1--60
[] 
 []


Overfull \hbox (12.0pt too wide) in paragraph at lines 1--60
[] 
 []


Underfull \hbox (badness 10000) in paragraph at lines 1--60

 []

[13]
Underfull \hbox (badness 10000) in paragraph at lines 75--77

 []

(../modules/dm_layout_g4_param.tex)
Overfull \hbox (12.0pt too wide) in paragraph at lines 1--79
[] 
 []


Overfull \hbox (12.0pt too wide) in paragraph at lines 1--79
[] 
 []


Overfull \hbox (12.0pt too wide) in paragraph at lines 1--79
[] 
 []


Overfull \hbox (12.0pt too wide) in paragraph at lines 1--79
[] 
 []


Underfull \hbox (badness 10000) in paragraph at lines 1--79

 []


Underfull \hbox (badness 10000) in paragraph at lines 86--101

 []

[14]
Underfull \hbox (badness 10000) in paragraph at lines 118--121

 []

) [15] (./dm_bib.tex [16] [17] [18]) (./dm_manual.aux) ) 
Here is how much of TeX's memory you used:
 311 strings out of 94500
 3663 string characters out of 1172832
 67348 words of memory out of 3500000
 3515 multiletter control sequences out of 10000+50000
 8409 words of font info for 30 fonts, out of 500000 for 2000
 580 hyphenation exceptions out of 1000
 23i,9n,17p,190b,241s stack positions out of 1500i,500n,5000p,200000b,5000s

Output written on dm_manual.dvi (18 pages, 65536 bytes).
